2    [XML-RPC-0] ERROR org.apache.xmlrpc.server.XmlRpcErrorLogger - Failed to invoke method execute in class com.nantic.jasperreports.JasperServer: Error evaluating expression : 
	Source text : $F{type} == "receipt" ? $F{date_dr} : $F{date_cr}
org.apache.xmlrpc.common.XmlRpcInvocationException: Failed to invoke method execute in class com.nantic.jasperreports.JasperServer: Error evaluating expression : 
	Source text : $F{type} == "receipt" ? $F{date_dr} : $F{date_cr}
	at org.apache.xmlrpc.server.ReflectiveXmlRpcHandler.invoke(ReflectiveXmlRpcHandler.java:129)
	at org.apache.xmlrpc.server.ReflectiveXmlRpcHandler.execute(ReflectiveXmlRpcHandler.java:106)
	at org.apache.xmlrpc.server.XmlRpcServerWorker.execute(XmlRpcServerWorker.java:46)
	at org.apache.xmlrpc.server.XmlRpcServer.execute(XmlRpcServer.java:86)
	at org.apache.xmlrpc.server.XmlRpcStreamServer.execute(XmlRpcStreamServer.java:200)
	at org.apache.xmlrpc.webserver.Connection.run(Connection.java:208)
	at org.apache.xmlrpc.util.ThreadPool$Poolable$1.run(ThreadPool.java:68)
Caused by: net.sf.jasperreports.engine.fill.JRExpressionEvalException: Error evaluating expression : 
	Source text : $F{type} == "receipt" ? $F{date_dr} : $F{date_cr}
	at net.sf.jasperreports.engine.fill.JREvaluator.evaluate(JREvaluator.java:195)
	at net.sf.jasperreports.engine.fill.JRCalculator.evaluate(JRCalculator.java:589)
	at net.sf.jasperreports.engine.fill.JRCalculator.evaluate(JRCalculator.java:557)
	at net.sf.jasperreports.engine.fill.JRFillElement.evaluateExpression(JRFillElement.java:929)
	at net.sf.jasperreports.engine.fill.JRFillTextField.evaluateText(JRFillTextField.java:383)
	at net.sf.jasperreports.engine.fill.JRFillTextField.evaluate(JRFillTextField.java:368)
	at net.sf.jasperreports.engine.fill.JRFillElementContainer.evaluate(JRFillElementContainer.java:258)
	at net.sf.jasperreports.engine.fill.JRFillBand.evaluate(JRFillBand.java:499)
	at net.sf.jasperreports.engine.fill.JRVerticalFiller.fillColumnBand(JRVerticalFiller.java:2036)
	at net.sf.jasperreports.engine.fill.JRVerticalFiller.fillDetail(JRVerticalFiller.java:760)
	at net.sf.jasperreports.engine.fill.JRVerticalFiller.fillReportStart(JRVerticalFiller.java:270)
	at net.sf.jasperreports.engine.fill.JRVerticalFiller.fillReport(JRVerticalFiller.java:128)
	at net.sf.jasperreports.engine.fill.JRBaseFiller.fill(JRBaseFiller.java:946)
	at net.sf.jasperreports.engine.fill.JRBaseFiller.fill(JRBaseFiller.java:864)
	at net.sf.jasperreports.engine.fill.JRFiller.fillReport(JRFiller.java:84)
	at net.sf.jasperreports.engine.JasperFillManager.fillReport(JasperFillManager.java:624)
	at com.nantic.jasperreports.JasperServer.privateExecute(JasperServer.java:212)
	at com.nantic.jasperreports.JasperServer.execute(JasperServer.java:121)
	at sun.reflect.GeneratedMethodAccessor53.invoke(Unknown Source)
	at sun.reflect.DelegatingMethodAccessorImpl.invoke(DelegatingMethodAccessorImpl.java:43)
	at java.lang.reflect.Method.invoke(Method.java:606)
	at org.apache.xmlrpc.server.ReflectiveXmlRpcHandler.invoke(ReflectiveXmlRpcHandler.java:115)
	... 6 more
Caused by: org.codehaus.groovy.runtime.typehandling.GroovyCastException: Cannot cast object '' with class 'java.lang.String' to class 'java.util.Date'
	at org.codehaus.groovy.runtime.typehandling.DefaultTypeTransformation.castToType(DefaultTypeTransformation.java:327)
	at org.codehaus.groovy.runtime.ScriptBytecodeAdapter.castToType(ScriptBytecodeAdapter.java:602)
	at recipt_1504855643013_757230.evaluate(calculator_recipt_1504855643013_757230:745)
	at net.sf.jasperreports.engine.fill.JREvaluator.evaluate(JREvaluator.java:182)
	... 27 more
Caused by:
net.sf.jasperreports.engine.fill.JRExpressionEvalException: Error evaluating expression : 
	Source text : $F{type} == "receipt" ? $F{date_dr} : $F{date_cr}
	at net.sf.jasperreports.engine.fill.JREvaluator.evaluate(JREvaluator.java:195)
	at net.sf.jasperreports.engine.fill.JRCalculator.evaluate(JRCalculator.java:589)
	at net.sf.jasperreports.engine.fill.JRCalculator.evaluate(JRCalculator.java:557)
	at net.sf.jasperreports.engine.fill.JRFillElement.evaluateExpression(JRFillElement.java:929)
	at net.sf.jasperreports.engine.fill.JRFillTextField.evaluateText(JRFillTextField.java:383)
	at net.sf.jasperreports.engine.fill.JRFillTextField.evaluate(JRFillTextField.java:368)
	at net.sf.jasperreports.engine.fill.JRFillElementContainer.evaluate(JRFillElementContainer.java:258)
	at net.sf.jasperreports.engine.fill.JRFillBand.evaluate(JRFillBand.java:499)
	at net.sf.jasperreports.engine.fill.JRVerticalFiller.fillColumnBand(JRVerticalFiller.java:2036)
	at net.sf.jasperreports.engine.fill.JRVerticalFiller.fillDetail(JRVerticalFiller.java:760)
	at net.sf.jasperreports.engine.fill.JRVerticalFiller.fillReportStart(JRVerticalFiller.java:270)
	at net.sf.jasperreports.engine.fill.JRVerticalFiller.fillReport(JRVerticalFiller.java:128)
	at net.sf.jasperreports.engine.fill.JRBaseFiller.fill(JRBaseFiller.java:946)
	at net.sf.jasperreports.engine.fill.JRBaseFiller.fill(JRBaseFiller.java:864)
	at net.sf.jasperreports.engine.fill.JRFiller.fillReport(JRFiller.java:84)
	at net.sf.jasperreports.engine.JasperFillManager.fillReport(JasperFillManager.java:624)
	at com.nantic.jasperreports.JasperServer.privateExecute(JasperServer.java:212)
	at com.nantic.jasperreports.JasperServer.execute(JasperServer.java:121)
	at sun.reflect.GeneratedMethodAccessor53.invoke(Unknown Source)
	at sun.reflect.DelegatingMethodAccessorImpl.invoke(DelegatingMethodAccessorImpl.java:43)
	at java.lang.reflect.Method.invoke(Method.java:606)
	at org.apache.xmlrpc.server.ReflectiveXmlRpcHandler.invoke(ReflectiveXmlRpcHandler.java:115)
	at org.apache.xmlrpc.server.ReflectiveXmlRpcHandler.execute(ReflectiveXmlRpcHandler.java:106)
	at org.apache.xmlrpc.server.XmlRpcServerWorker.execute(XmlRpcServerWorker.java:46)
	at org.apache.xmlrpc.server.XmlRpcServer.execute(XmlRpcServer.java:86)
	at org.apache.xmlrpc.server.XmlRpcStreamServer.execute(XmlRpcStreamServer.java:200)
	at org.apache.xmlrpc.webserver.Connection.run(Connection.java:208)
	at org.apache.xmlrpc.util.ThreadPool$Poolable$1.run(ThreadPool.java:68)
Caused by: org.codehaus.groovy.runtime.typehandling.GroovyCastException: Cannot cast object '' with class 'java.lang.String' to class 'java.util.Date'
	at org.codehaus.groovy.runtime.typehandling.DefaultTypeTransformation.castToType(DefaultTypeTransformation.java:327)
	at org.codehaus.groovy.runtime.ScriptBytecodeAdapter.castToType(ScriptBytecodeAdapter.java:602)
	at recipt_1504855643013_757230.evaluate(calculator_recipt_1504855643013_757230:745)
	at net.sf.jasperreports.engine.fill.JREvaluator.evaluate(JREvaluator.java:182)
	... 27 more
4644 [XML-RPC-0] ERROR org.apache.xmlrpc.server.XmlRpcErrorLogger - Failed to invoke method execute in class com.nantic.jasperreports.JasperServer: Error evaluating expression : 
	Source text : $F{type} == "receipt" ? $F{date_dr} : $F{date_cr}
org.apache.xmlrpc.common.XmlRpcInvocationException: Failed to invoke method execute in class com.nantic.jasperreports.JasperServer: Error evaluating expression : 
	Source text : $F{type} == "receipt" ? $F{date_dr} : $F{date_cr}
	at org.apache.xmlrpc.server.ReflectiveXmlRpcHandler.invoke(ReflectiveXmlRpcHandler.java:129)
	at org.apache.xmlrpc.server.ReflectiveXmlRpcHandler.execute(ReflectiveXmlRpcHandler.java:106)
	at org.apache.xmlrpc.server.XmlRpcServerWorker.execute(XmlRpcServerWorker.java:46)
	at org.apache.xmlrpc.server.XmlRpcServer.execute(XmlRpcServer.java:86)
	at org.apache.xmlrpc.server.XmlRpcStreamServer.execute(XmlRpcStreamServer.java:200)
	at org.apache.xmlrpc.webserver.Connection.run(Connection.java:208)
	at org.apache.xmlrpc.util.ThreadPool$Poolable$1.run(ThreadPool.java:68)
Caused by: net.sf.jasperreports.engine.fill.JRExpressionEvalException: Error evaluating expression : 
	Source text : $F{type} == "receipt" ? $F{date_dr} : $F{date_cr}
	at net.sf.jasperreports.engine.fill.JREvaluator.evaluate(JREvaluator.java:195)
	at net.sf.jasperreports.engine.fill.JRCalculator.evaluate(JRCalculator.java:589)
	at net.sf.jasperreports.engine.fill.JRCalculator.evaluate(JRCalculator.java:557)
	at net.sf.jasperreports.engine.fill.JRFillElement.evaluateExpression(JRFillElement.java:929)
	at net.sf.jasperreports.engine.fill.JRFillTextField.evaluateText(JRFillTextField.java:383)
	at net.sf.jasperreports.engine.fill.JRFillTextField.evaluate(JRFillTextField.java:368)
	at net.sf.jasperreports.engine.fill.JRFillElementContainer.evaluate(JRFillElementContainer.java:258)
	at net.sf.jasperreports.engine.fill.JRFillBand.evaluate(JRFillBand.java:499)
	at net.sf.jasperreports.engine.fill.JRVerticalFiller.fillColumnBand(JRVerticalFiller.java:2036)
	at net.sf.jasperreports.engine.fill.JRVerticalFiller.fillDetail(JRVerticalFiller.java:760)
	at net.sf.jasperreports.engine.fill.JRVerticalFiller.fillReportStart(JRVerticalFiller.java:270)
	at net.sf.jasperreports.engine.fill.JRVerticalFiller.fillReport(JRVerticalFiller.java:128)
	at net.sf.jasperreports.engine.fill.JRBaseFiller.fill(JRBaseFiller.java:946)
	at net.sf.jasperreports.engine.fill.JRBaseFiller.fill(JRBaseFiller.java:864)
	at net.sf.jasperreports.engine.fill.JRFiller.fillReport(JRFiller.java:84)
	at net.sf.jasperreports.engine.JasperFillManager.fillReport(JasperFillManager.java:624)
	at com.nantic.jasperreports.JasperServer.privateExecute(JasperServer.java:212)
	at com.nantic.jasperreports.JasperServer.execute(JasperServer.java:121)
	at sun.reflect.GeneratedMethodAccessor53.invoke(Unknown Source)
	at sun.reflect.DelegatingMethodAccessorImpl.invoke(DelegatingMethodAccessorImpl.java:43)
	at java.lang.reflect.Method.invoke(Method.java:606)
	at org.apache.xmlrpc.server.ReflectiveXmlRpcHandler.invoke(ReflectiveXmlRpcHandler.java:115)
	... 6 more
Caused by: org.codehaus.groovy.runtime.typehandling.GroovyCastException: Cannot cast object '' with class 'java.lang.String' to class 'java.util.Date'
	at org.codehaus.groovy.runtime.typehandling.DefaultTypeTransformation.castToType(DefaultTypeTransformation.java:327)
	at org.codehaus.groovy.runtime.ScriptBytecodeAdapter.castToType(ScriptBytecodeAdapter.java:602)
	at recipt_1504855643013_757230.evaluate(calculator_recipt_1504855643013_757230:745)
	at net.sf.jasperreports.engine.fill.JREvaluator.evaluate(JREvaluator.java:182)
	... 27 more
Caused by:
net.sf.jasperreports.engine.fill.JRExpressionEvalException: Error evaluating expression : 
	Source text : $F{type} == "receipt" ? $F{date_dr} : $F{date_cr}
	at net.sf.jasperreports.engine.fill.JREvaluator.evaluate(JREvaluator.java:195)
	at net.sf.jasperreports.engine.fill.JRCalculator.evaluate(JRCalculator.java:589)
	at net.sf.jasperreports.engine.fill.JRCalculator.evaluate(JRCalculator.java:557)
	at net.sf.jasperreports.engine.fill.JRFillElement.evaluateExpression(JRFillElement.java:929)
	at net.sf.jasperreports.engine.fill.JRFillTextField.evaluateText(JRFillTextField.java:383)
	at net.sf.jasperreports.engine.fill.JRFillTextField.evaluate(JRFillTextField.java:368)
	at net.sf.jasperreports.engine.fill.JRFillElementContainer.evaluate(JRFillElementContainer.java:258)
	at net.sf.jasperreports.engine.fill.JRFillBand.evaluate(JRFillBand.java:499)
	at net.sf.jasperreports.engine.fill.JRVerticalFiller.fillColumnBand(JRVerticalFiller.java:2036)
	at net.sf.jasperreports.engine.fill.JRVerticalFiller.fillDetail(JRVerticalFiller.java:760)
	at net.sf.jasperreports.engine.fill.JRVerticalFiller.fillReportStart(JRVerticalFiller.java:270)
	at net.sf.jasperreports.engine.fill.JRVerticalFiller.fillReport(JRVerticalFiller.java:128)
	at net.sf.jasperreports.engine.fill.JRBaseFiller.fill(JRBaseFiller.java:946)
	at net.sf.jasperreports.engine.fill.JRBaseFiller.fill(JRBaseFiller.java:864)
	at net.sf.jasperreports.engine.fill.JRFiller.fillReport(JRFiller.java:84)
	at net.sf.jasperreports.engine.JasperFillManager.fillReport(JasperFillManager.java:624)
	at com.nantic.jasperreports.JasperServer.privateExecute(JasperServer.java:212)
	at com.nantic.jasperreports.JasperServer.execute(JasperServer.java:121)
	at sun.reflect.GeneratedMethodAccessor53.invoke(Unknown Source)
	at sun.reflect.DelegatingMethodAccessorImpl.invoke(DelegatingMethodAccessorImpl.java:43)
	at java.lang.reflect.Method.invoke(Method.java:606)
	at org.apache.xmlrpc.server.ReflectiveXmlRpcHandler.invoke(ReflectiveXmlRpcHandler.java:115)
	at org.apache.xmlrpc.server.ReflectiveXmlRpcHandler.execute(ReflectiveXmlRpcHandler.java:106)
	at org.apache.xmlrpc.server.XmlRpcServerWorker.execute(XmlRpcServerWorker.java:46)
	at org.apache.xmlrpc.server.XmlRpcServer.execute(XmlRpcServer.java:86)
	at org.apache.xmlrpc.server.XmlRpcStreamServer.execute(XmlRpcStreamServer.java:200)
	at org.apache.xmlrpc.webserver.Connection.run(Connection.java:208)
	at org.apache.xmlrpc.util.ThreadPool$Poolable$1.run(ThreadPool.java:68)
Caused by: org.codehaus.groovy.runtime.typehandling.GroovyCastException: Cannot cast object '' with class 'java.lang.String' to class 'java.util.Date'
	at org.codehaus.groovy.runtime.typehandling.DefaultTypeTransformation.castToType(DefaultTypeTransformation.java:327)
	at org.codehaus.groovy.runtime.ScriptBytecodeAdapter.castToType(ScriptBytecodeAdapter.java:602)
	at recipt_1504855643013_757230.evaluate(calculator_recipt_1504855643013_757230:745)
	at net.sf.jasperreports.engine.fill.JREvaluator.evaluate(JREvaluator.java:182)
	... 27 more
518578 [XML-RPC-0] ERROR org.apache.xmlrpc.server.XmlRpcErrorLogger - Failed to invoke method execute in class com.nantic.jasperreports.JasperServer: Error evaluating expression : 
	Source text : $F{type} == "receipt" ? $F{price_subtotal_cr} == null?0:$F{price_subtotal_cr} : $F{price_subtotal_dr} == null?0:$F{price_subtotal_dr}
org.apache.xmlrpc.common.XmlRpcInvocationException: Failed to invoke method execute in class com.nantic.jasperreports.JasperServer: Error evaluating expression : 
	Source text : $F{type} == "receipt" ? $F{price_subtotal_cr} == null?0:$F{price_subtotal_cr} : $F{price_subtotal_dr} == null?0:$F{price_subtotal_dr}
	at org.apache.xmlrpc.server.ReflectiveXmlRpcHandler.invoke(ReflectiveXmlRpcHandler.java:129)
	at org.apache.xmlrpc.server.ReflectiveXmlRpcHandler.execute(ReflectiveXmlRpcHandler.java:106)
	at org.apache.xmlrpc.server.XmlRpcServerWorker.execute(XmlRpcServerWorker.java:46)
	at org.apache.xmlrpc.server.XmlRpcServer.execute(XmlRpcServer.java:86)
	at org.apache.xmlrpc.server.XmlRpcStreamServer.execute(XmlRpcStreamServer.java:200)
	at org.apache.xmlrpc.webserver.Connection.run(Connection.java:208)
	at org.apache.xmlrpc.util.ThreadPool$Poolable$1.run(ThreadPool.java:68)
Caused by: net.sf.jasperreports.engine.fill.JRExpressionEvalException: Error evaluating expression : 
	Source text : $F{type} == "receipt" ? $F{price_subtotal_cr} == null?0:$F{price_subtotal_cr} : $F{price_subtotal_dr} == null?0:$F{price_subtotal_dr}
	at net.sf.jasperreports.engine.fill.JREvaluator.evaluate(JREvaluator.java:195)
	at net.sf.jasperreports.engine.fill.JRCalculator.evaluate(JRCalculator.java:589)
	at net.sf.jasperreports.engine.fill.JRCalculator.evaluate(JRCalculator.java:557)
	at net.sf.jasperreports.engine.fill.JRFillElement.evaluateExpression(JRFillElement.java:929)
	at net.sf.jasperreports.engine.fill.JRFillTextField.evaluateText(JRFillTextField.java:383)
	at net.sf.jasperreports.engine.fill.JRFillTextField.evaluate(JRFillTextField.java:368)
	at net.sf.jasperreports.engine.fill.JRFillElementContainer.evaluate(JRFillElementContainer.java:258)
	at net.sf.jasperreports.engine.fill.JRFillBand.evaluate(JRFillBand.java:499)
	at net.sf.jasperreports.engine.fill.JRVerticalFiller.fillColumnBand(JRVerticalFiller.java:2036)
	at net.sf.jasperreports.engine.fill.JRVerticalFiller.fillDetail(JRVerticalFiller.java:760)
	at net.sf.jasperreports.engine.fill.JRVerticalFiller.fillReportStart(JRVerticalFiller.java:270)
	at net.sf.jasperreports.engine.fill.JRVerticalFiller.fillReport(JRVerticalFiller.java:128)
	at net.sf.jasperreports.engine.fill.JRBaseFiller.fill(JRBaseFiller.java:946)
	at net.sf.jasperreports.engine.fill.JRBaseFiller.fill(JRBaseFiller.java:864)
	at net.sf.jasperreports.engine.fill.JRFiller.fillReport(JRFiller.java:84)
	at net.sf.jasperreports.engine.JasperFillManager.fillReport(JasperFillManager.java:624)
	at com.nantic.jasperreports.JasperServer.privateExecute(JasperServer.java:212)
	at com.nantic.jasperreports.JasperServer.execute(JasperServer.java:121)
	at sun.reflect.GeneratedMethodAccessor53.invoke(Unknown Source)
	at sun.reflect.DelegatingMethodAccessorImpl.invoke(DelegatingMethodAccessorImpl.java:43)
	at java.lang.reflect.Method.invoke(Method.java:606)
	at org.apache.xmlrpc.server.ReflectiveXmlRpcHandler.invoke(ReflectiveXmlRpcHandler.java:115)
	... 6 more
Caused by: org.codehaus.groovy.runtime.typehandling.GroovyCastException: Cannot cast object '1000.0000000000' with class 'java.lang.String' to class 'java.lang.Number'
	at org.codehaus.groovy.runtime.typehandling.DefaultTypeTransformation.castToNumber(DefaultTypeTransformation.java:136)
	at org.codehaus.groovy.runtime.typehandling.DefaultTypeTransformation.castToType(DefaultTypeTransformation.java:234)
	at org.codehaus.groovy.runtime.ScriptBytecodeAdapter.castToType(ScriptBytecodeAdapter.java:602)
	at recipt_1504856161844_390973.evaluate(calculator_recipt_1504856161844_390973:741)
	at net.sf.jasperreports.engine.fill.JREvaluator.evaluate(JREvaluator.java:182)
	... 27 more
Caused by:
net.sf.jasperreports.engine.fill.JRExpressionEvalException: Error evaluating expression : 
	Source text : $F{type} == "receipt" ? $F{price_subtotal_cr} == null?0:$F{price_subtotal_cr} : $F{price_subtotal_dr} == null?0:$F{price_subtotal_dr}
	at net.sf.jasperreports.engine.fill.JREvaluator.evaluate(JREvaluator.java:195)
	at net.sf.jasperreports.engine.fill.JRCalculator.evaluate(JRCalculator.java:589)
	at net.sf.jasperreports.engine.fill.JRCalculator.evaluate(JRCalculator.java:557)
	at net.sf.jasperreports.engine.fill.JRFillElement.evaluateExpression(JRFillElement.java:929)
	at net.sf.jasperreports.engine.fill.JRFillTextField.evaluateText(JRFillTextField.java:383)
	at net.sf.jasperreports.engine.fill.JRFillTextField.evaluate(JRFillTextField.java:368)
	at net.sf.jasperreports.engine.fill.JRFillElementContainer.evaluate(JRFillElementContainer.java:258)
	at net.sf.jasperreports.engine.fill.JRFillBand.evaluate(JRFillBand.java:499)
	at net.sf.jasperreports.engine.fill.JRVerticalFiller.fillColumnBand(JRVerticalFiller.java:2036)
	at net.sf.jasperreports.engine.fill.JRVerticalFiller.fillDetail(JRVerticalFiller.java:760)
	at net.sf.jasperreports.engine.fill.JRVerticalFiller.fillReportStart(JRVerticalFiller.java:270)
	at net.sf.jasperreports.engine.fill.JRVerticalFiller.fillReport(JRVerticalFiller.java:128)
	at net.sf.jasperreports.engine.fill.JRBaseFiller.fill(JRBaseFiller.java:946)
	at net.sf.jasperreports.engine.fill.JRBaseFiller.fill(JRBaseFiller.java:864)
	at net.sf.jasperreports.engine.fill.JRFiller.fillReport(JRFiller.java:84)
	at net.sf.jasperreports.engine.JasperFillManager.fillReport(JasperFillManager.java:624)
	at com.nantic.jasperreports.JasperServer.privateExecute(JasperServer.java:212)
	at com.nantic.jasperreports.JasperServer.execute(JasperServer.java:121)
	at sun.reflect.GeneratedMethodAccessor53.invoke(Unknown Source)
	at sun.reflect.DelegatingMethodAccessorImpl.invoke(DelegatingMethodAccessorImpl.java:43)
	at java.lang.reflect.Method.invoke(Method.java:606)
	at org.apache.xmlrpc.server.ReflectiveXmlRpcHandler.invoke(ReflectiveXmlRpcHandler.java:115)
	at org.apache.xmlrpc.server.ReflectiveXmlRpcHandler.execute(ReflectiveXmlRpcHandler.java:106)
	at org.apache.xmlrpc.server.XmlRpcServerWorker.execute(XmlRpcServerWorker.java:46)
	at org.apache.xmlrpc.server.XmlRpcServer.execute(XmlRpcServer.java:86)
	at org.apache.xmlrpc.server.XmlRpcStreamServer.execute(XmlRpcStreamServer.java:200)
	at org.apache.xmlrpc.webserver.Connection.run(Connection.java:208)
	at org.apache.xmlrpc.util.ThreadPool$Poolable$1.run(ThreadPool.java:68)
Caused by: org.codehaus.groovy.runtime.typehandling.GroovyCastException: Cannot cast object '1000.0000000000' with class 'java.lang.String' to class 'java.lang.Number'
	at org.codehaus.groovy.runtime.typehandling.DefaultTypeTransformation.castToNumber(DefaultTypeTransformation.java:136)
	at org.codehaus.groovy.runtime.typehandling.DefaultTypeTransformation.castToType(DefaultTypeTransformation.java:234)
	at org.codehaus.groovy.runtime.ScriptBytecodeAdapter.castToType(ScriptBytecodeAdapter.java:602)
	at recipt_1504856161844_390973.evaluate(calculator_recipt_1504856161844_390973:741)
	at net.sf.jasperreports.engine.fill.JREvaluator.evaluate(JREvaluator.java:182)
	... 27 more
549322 [XML-RPC-0] ERROR org.apache.xmlrpc.server.XmlRpcErrorLogger - Failed to invoke method execute in class com.nantic.jasperreports.JasperServer: Error evaluating expression : 
	Source text : $F{type} == "receipt" ? $F{price_subtotal_cr} == null?0:$F{price_subtotal_cr} : $F{price_subtotal_dr} == null?0:$F{price_subtotal_dr}
org.apache.xmlrpc.common.XmlRpcInvocationException: Failed to invoke method execute in class com.nantic.jasperreports.JasperServer: Error evaluating expression : 
	Source text : $F{type} == "receipt" ? $F{price_subtotal_cr} == null?0:$F{price_subtotal_cr} : $F{price_subtotal_dr} == null?0:$F{price_subtotal_dr}
	at org.apache.xmlrpc.server.ReflectiveXmlRpcHandler.invoke(ReflectiveXmlRpcHandler.java:129)
	at org.apache.xmlrpc.server.ReflectiveXmlRpcHandler.execute(ReflectiveXmlRpcHandler.java:106)
	at org.apache.xmlrpc.server.XmlRpcServerWorker.execute(XmlRpcServerWorker.java:46)
	at org.apache.xmlrpc.server.XmlRpcServer.execute(XmlRpcServer.java:86)
	at org.apache.xmlrpc.server.XmlRpcStreamServer.execute(XmlRpcStreamServer.java:200)
	at org.apache.xmlrpc.webserver.Connection.run(Connection.java:208)
	at org.apache.xmlrpc.util.ThreadPool$Poolable$1.run(ThreadPool.java:68)
Caused by: net.sf.jasperreports.engine.fill.JRExpressionEvalException: Error evaluating expression : 
	Source text : $F{type} == "receipt" ? $F{price_subtotal_cr} == null?0:$F{price_subtotal_cr} : $F{price_subtotal_dr} == null?0:$F{price_subtotal_dr}
	at net.sf.jasperreports.engine.fill.JREvaluator.evaluate(JREvaluator.java:195)
	at net.sf.jasperreports.engine.fill.JRCalculator.evaluate(JRCalculator.java:589)
	at net.sf.jasperreports.engine.fill.JRCalculator.evaluate(JRCalculator.java:557)
	at net.sf.jasperreports.engine.fill.JRFillElement.evaluateExpression(JRFillElement.java:929)
	at net.sf.jasperreports.engine.fill.JRFillTextField.evaluateText(JRFillTextField.java:383)
	at net.sf.jasperreports.engine.fill.JRFillTextField.evaluate(JRFillTextField.java:368)
	at net.sf.jasperreports.engine.fill.JRFillElementContainer.evaluate(JRFillElementContainer.java:258)
	at net.sf.jasperreports.engine.fill.JRFillBand.evaluate(JRFillBand.java:499)
	at net.sf.jasperreports.engine.fill.JRVerticalFiller.fillColumnBand(JRVerticalFiller.java:2036)
	at net.sf.jasperreports.engine.fill.JRVerticalFiller.fillDetail(JRVerticalFiller.java:760)
	at net.sf.jasperreports.engine.fill.JRVerticalFiller.fillReportStart(JRVerticalFiller.java:270)
	at net.sf.jasperreports.engine.fill.JRVerticalFiller.fillReport(JRVerticalFiller.java:128)
	at net.sf.jasperreports.engine.fill.JRBaseFiller.fill(JRBaseFiller.java:946)
	at net.sf.jasperreports.engine.fill.JRBaseFiller.fill(JRBaseFiller.java:864)
	at net.sf.jasperreports.engine.fill.JRFiller.fillReport(JRFiller.java:84)
	at net.sf.jasperreports.engine.JasperFillManager.fillReport(JasperFillManager.java:624)
	at com.nantic.jasperreports.JasperServer.privateExecute(JasperServer.java:212)
	at com.nantic.jasperreports.JasperServer.execute(JasperServer.java:121)
	at sun.reflect.GeneratedMethodAccessor53.invoke(Unknown Source)
	at sun.reflect.DelegatingMethodAccessorImpl.invoke(DelegatingMethodAccessorImpl.java:43)
	at java.lang.reflect.Method.invoke(Method.java:606)
	at org.apache.xmlrpc.server.ReflectiveXmlRpcHandler.invoke(ReflectiveXmlRpcHandler.java:115)
	... 6 more
Caused by: org.codehaus.groovy.runtime.typehandling.GroovyCastException: Cannot cast object '1000.0000000000' with class 'java.lang.String' to class 'java.lang.Number'
	at org.codehaus.groovy.runtime.typehandling.DefaultTypeTransformation.castToNumber(DefaultTypeTransformation.java:136)
	at org.codehaus.groovy.runtime.typehandling.DefaultTypeTransformation.castToType(DefaultTypeTransformation.java:234)
	at org.codehaus.groovy.runtime.ScriptBytecodeAdapter.castToType(ScriptBytecodeAdapter.java:602)
	at recipt_1504856161844_390973.evaluate(calculator_recipt_1504856161844_390973:741)
	at net.sf.jasperreports.engine.fill.JREvaluator.evaluate(JREvaluator.java:182)
	... 27 more
Caused by:
net.sf.jasperreports.engine.fill.JRExpressionEvalException: Error evaluating expression : 
	Source text : $F{type} == "receipt" ? $F{price_subtotal_cr} == null?0:$F{price_subtotal_cr} : $F{price_subtotal_dr} == null?0:$F{price_subtotal_dr}
	at net.sf.jasperreports.engine.fill.JREvaluator.evaluate(JREvaluator.java:195)
	at net.sf.jasperreports.engine.fill.JRCalculator.evaluate(JRCalculator.java:589)
	at net.sf.jasperreports.engine.fill.JRCalculator.evaluate(JRCalculator.java:557)
	at net.sf.jasperreports.engine.fill.JRFillElement.evaluateExpression(JRFillElement.java:929)
	at net.sf.jasperreports.engine.fill.JRFillTextField.evaluateText(JRFillTextField.java:383)
	at net.sf.jasperreports.engine.fill.JRFillTextField.evaluate(JRFillTextField.java:368)
	at net.sf.jasperreports.engine.fill.JRFillElementContainer.evaluate(JRFillElementContainer.java:258)
	at net.sf.jasperreports.engine.fill.JRFillBand.evaluate(JRFillBand.java:499)
	at net.sf.jasperreports.engine.fill.JRVerticalFiller.fillColumnBand(JRVerticalFiller.java:2036)
	at net.sf.jasperreports.engine.fill.JRVerticalFiller.fillDetail(JRVerticalFiller.java:760)
	at net.sf.jasperreports.engine.fill.JRVerticalFiller.fillReportStart(JRVerticalFiller.java:270)
	at net.sf.jasperreports.engine.fill.JRVerticalFiller.fillReport(JRVerticalFiller.java:128)
	at net.sf.jasperreports.engine.fill.JRBaseFiller.fill(JRBaseFiller.java:946)
	at net.sf.jasperreports.engine.fill.JRBaseFiller.fill(JRBaseFiller.java:864)
	at net.sf.jasperreports.engine.fill.JRFiller.fillReport(JRFiller.java:84)
	at net.sf.jasperreports.engine.JasperFillManager.fillReport(JasperFillManager.java:624)
	at com.nantic.jasperreports.JasperServer.privateExecute(JasperServer.java:212)
	at com.nantic.jasperreports.JasperServer.execute(JasperServer.java:121)
	at sun.reflect.GeneratedMethodAccessor53.invoke(Unknown Source)
	at sun.reflect.DelegatingMethodAccessorImpl.invoke(DelegatingMethodAccessorImpl.java:43)
	at java.lang.reflect.Method.invoke(Method.java:606)
	at org.apache.xmlrpc.server.ReflectiveXmlRpcHandler.invoke(ReflectiveXmlRpcHandler.java:115)
	at org.apache.xmlrpc.server.ReflectiveXmlRpcHandler.execute(ReflectiveXmlRpcHandler.java:106)
	at org.apache.xmlrpc.server.XmlRpcServerWorker.execute(XmlRpcServerWorker.java:46)
	at org.apache.xmlrpc.server.XmlRpcServer.execute(XmlRpcServer.java:86)
	at org.apache.xmlrpc.server.XmlRpcStreamServer.execute(XmlRpcStreamServer.java:200)
	at org.apache.xmlrpc.webserver.Connection.run(Connection.java:208)
	at org.apache.xmlrpc.util.ThreadPool$Poolable$1.run(ThreadPool.java:68)
Caused by: org.codehaus.groovy.runtime.typehandling.GroovyCastException: Cannot cast object '1000.0000000000' with class 'java.lang.String' to class 'java.lang.Number'
	at org.codehaus.groovy.runtime.typehandling.DefaultTypeTransformation.castToNumber(DefaultTypeTransformation.java:136)
	at org.codehaus.groovy.runtime.typehandling.DefaultTypeTransformation.castToType(DefaultTypeTransformation.java:234)
	at org.codehaus.groovy.runtime.ScriptBytecodeAdapter.castToType(ScriptBytecodeAdapter.java:602)
	at recipt_1504856161844_390973.evaluate(calculator_recipt_1504856161844_390973:741)
	at net.sf.jasperreports.engine.fill.JREvaluator.evaluate(JREvaluator.java:182)
	... 27 more
680520 [XML-RPC-0] ERROR org.apache.xmlrpc.server.XmlRpcErrorLogger - Failed to invoke method execute in class com.nantic.jasperreports.JasperServer: Error evaluating expression : 
	Source text : $F{type} == "receipt" ? $F{price_subtotal_cr} : $F{price_subtotal_dr} == null?0: $F{type} == "receipt" ? $F{price_subtotal_cr} : $F{price_subtotal_dr}
org.apache.xmlrpc.common.XmlRpcInvocationException: Failed to invoke method execute in class com.nantic.jasperreports.JasperServer: Error evaluating expression : 
	Source text : $F{type} == "receipt" ? $F{price_subtotal_cr} : $F{price_subtotal_dr} == null?0: $F{type} == "receipt" ? $F{price_subtotal_cr} : $F{price_subtotal_dr}
	at org.apache.xmlrpc.server.ReflectiveXmlRpcHandler.invoke(ReflectiveXmlRpcHandler.java:129)
	at org.apache.xmlrpc.server.ReflectiveXmlRpcHandler.execute(ReflectiveXmlRpcHandler.java:106)
	at org.apache.xmlrpc.server.XmlRpcServerWorker.execute(XmlRpcServerWorker.java:46)
	at org.apache.xmlrpc.server.XmlRpcServer.execute(XmlRpcServer.java:86)
	at org.apache.xmlrpc.server.XmlRpcStreamServer.execute(XmlRpcStreamServer.java:200)
	at org.apache.xmlrpc.webserver.Connection.run(Connection.java:208)
	at org.apache.xmlrpc.util.ThreadPool$Poolable$1.run(ThreadPool.java:68)
Caused by: net.sf.jasperreports.engine.fill.JRExpressionEvalException: Error evaluating expression : 
	Source text : $F{type} == "receipt" ? $F{price_subtotal_cr} : $F{price_subtotal_dr} == null?0: $F{type} == "receipt" ? $F{price_subtotal_cr} : $F{price_subtotal_dr}
	at net.sf.jasperreports.engine.fill.JREvaluator.evaluate(JREvaluator.java:195)
	at net.sf.jasperreports.engine.fill.JRCalculator.evaluate(JRCalculator.java:589)
	at net.sf.jasperreports.engine.fill.JRCalculator.evaluate(JRCalculator.java:557)
	at net.sf.jasperreports.engine.fill.JRFillElement.evaluateExpression(JRFillElement.java:929)
	at net.sf.jasperreports.engine.fill.JRFillTextField.evaluateText(JRFillTextField.java:383)
	at net.sf.jasperreports.engine.fill.JRFillTextField.evaluate(JRFillTextField.java:368)
	at net.sf.jasperreports.engine.fill.JRFillElementContainer.evaluate(JRFillElementContainer.java:258)
	at net.sf.jasperreports.engine.fill.JRFillBand.evaluate(JRFillBand.java:499)
	at net.sf.jasperreports.engine.fill.JRVerticalFiller.fillColumnBand(JRVerticalFiller.java:2036)
	at net.sf.jasperreports.engine.fill.JRVerticalFiller.fillDetail(JRVerticalFiller.java:760)
	at net.sf.jasperreports.engine.fill.JRVerticalFiller.fillReportStart(JRVerticalFiller.java:270)
	at net.sf.jasperreports.engine.fill.JRVerticalFiller.fillReport(JRVerticalFiller.java:128)
	at net.sf.jasperreports.engine.fill.JRBaseFiller.fill(JRBaseFiller.java:946)
	at net.sf.jasperreports.engine.fill.JRBaseFiller.fill(JRBaseFiller.java:864)
	at net.sf.jasperreports.engine.fill.JRFiller.fillReport(JRFiller.java:84)
	at net.sf.jasperreports.engine.JasperFillManager.fillReport(JasperFillManager.java:624)
	at com.nantic.jasperreports.JasperServer.privateExecute(JasperServer.java:212)
	at com.nantic.jasperreports.JasperServer.execute(JasperServer.java:121)
	at sun.reflect.GeneratedMethodAccessor53.invoke(Unknown Source)
	at sun.reflect.DelegatingMethodAccessorImpl.invoke(DelegatingMethodAccessorImpl.java:43)
	at java.lang.reflect.Method.invoke(Method.java:606)
	at org.apache.xmlrpc.server.ReflectiveXmlRpcHandler.invoke(ReflectiveXmlRpcHandler.java:115)
	... 6 more
Caused by: org.codehaus.groovy.runtime.typehandling.GroovyCastException: Cannot cast object '1000.0000000000' with class 'java.lang.String' to class 'java.lang.Number'
	at org.codehaus.groovy.runtime.typehandling.DefaultTypeTransformation.castToNumber(DefaultTypeTransformation.java:136)
	at org.codehaus.groovy.runtime.typehandling.DefaultTypeTransformation.castToType(DefaultTypeTransformation.java:234)
	at org.codehaus.groovy.runtime.ScriptBytecodeAdapter.castToType(ScriptBytecodeAdapter.java:602)
	at recipt_1504856323745_688998.evaluate(calculator_recipt_1504856323745_688998:741)
	at net.sf.jasperreports.engine.fill.JREvaluator.evaluate(JREvaluator.java:182)
	... 27 more
Caused by:
net.sf.jasperreports.engine.fill.JRExpressionEvalException: Error evaluating expression : 
	Source text : $F{type} == "receipt" ? $F{price_subtotal_cr} : $F{price_subtotal_dr} == null?0: $F{type} == "receipt" ? $F{price_subtotal_cr} : $F{price_subtotal_dr}
	at net.sf.jasperreports.engine.fill.JREvaluator.evaluate(JREvaluator.java:195)
	at net.sf.jasperreports.engine.fill.JRCalculator.evaluate(JRCalculator.java:589)
	at net.sf.jasperreports.engine.fill.JRCalculator.evaluate(JRCalculator.java:557)
	at net.sf.jasperreports.engine.fill.JRFillElement.evaluateExpression(JRFillElement.java:929)
	at net.sf.jasperreports.engine.fill.JRFillTextField.evaluateText(JRFillTextField.java:383)
	at net.sf.jasperreports.engine.fill.JRFillTextField.evaluate(JRFillTextField.java:368)
	at net.sf.jasperreports.engine.fill.JRFillElementContainer.evaluate(JRFillElementContainer.java:258)
	at net.sf.jasperreports.engine.fill.JRFillBand.evaluate(JRFillBand.java:499)
	at net.sf.jasperreports.engine.fill.JRVerticalFiller.fillColumnBand(JRVerticalFiller.java:2036)
	at net.sf.jasperreports.engine.fill.JRVerticalFiller.fillDetail(JRVerticalFiller.java:760)
	at net.sf.jasperreports.engine.fill.JRVerticalFiller.fillReportStart(JRVerticalFiller.java:270)
	at net.sf.jasperreports.engine.fill.JRVerticalFiller.fillReport(JRVerticalFiller.java:128)
	at net.sf.jasperreports.engine.fill.JRBaseFiller.fill(JRBaseFiller.java:946)
	at net.sf.jasperreports.engine.fill.JRBaseFiller.fill(JRBaseFiller.java:864)
	at net.sf.jasperreports.engine.fill.JRFiller.fillReport(JRFiller.java:84)
	at net.sf.jasperreports.engine.JasperFillManager.fillReport(JasperFillManager.java:624)
	at com.nantic.jasperreports.JasperServer.privateExecute(JasperServer.java:212)
	at com.nantic.jasperreports.JasperServer.execute(JasperServer.java:121)
	at sun.reflect.GeneratedMethodAccessor53.invoke(Unknown Source)
	at sun.reflect.DelegatingMethodAccessorImpl.invoke(DelegatingMethodAccessorImpl.java:43)
	at java.lang.reflect.Method.invoke(Method.java:606)
	at org.apache.xmlrpc.server.ReflectiveXmlRpcHandler.invoke(ReflectiveXmlRpcHandler.java:115)
	at org.apache.xmlrpc.server.ReflectiveXmlRpcHandler.execute(ReflectiveXmlRpcHandler.java:106)
	at org.apache.xmlrpc.server.XmlRpcServerWorker.execute(XmlRpcServerWorker.java:46)
	at org.apache.xmlrpc.server.XmlRpcServer.execute(XmlRpcServer.java:86)
	at org.apache.xmlrpc.server.XmlRpcStreamServer.execute(XmlRpcStreamServer.java:200)
	at org.apache.xmlrpc.webserver.Connection.run(Connection.java:208)
	at org.apache.xmlrpc.util.ThreadPool$Poolable$1.run(ThreadPool.java:68)
Caused by: org.codehaus.groovy.runtime.typehandling.GroovyCastException: Cannot cast object '1000.0000000000' with class 'java.lang.String' to class 'java.lang.Number'
	at org.codehaus.groovy.runtime.typehandling.DefaultTypeTransformation.castToNumber(DefaultTypeTransformation.java:136)
	at org.codehaus.groovy.runtime.typehandling.DefaultTypeTransformation.castToType(DefaultTypeTransformation.java:234)
	at org.codehaus.groovy.runtime.ScriptBytecodeAdapter.castToType(ScriptBytecodeAdapter.java:602)
	at recipt_1504856323745_688998.evaluate(calculator_recipt_1504856323745_688998:741)
	at net.sf.jasperreports.engine.fill.JREvaluator.evaluate(JREvaluator.java:182)
	... 27 more
783518 [XML-RPC-0] ERROR org.apache.xmlrpc.server.XmlRpcErrorLogger - Failed to invoke method execute in class com.nantic.jasperreports.JasperServer: Error evaluating expression : 
	Source text : $F{type} == "receipt" ? $F{price_subtotal_cr} == null?0:$F{price_subtotal_cr} : $F{price_subtotal_dr} == null?0:$F{price_subtotal_dr}
org.apache.xmlrpc.common.XmlRpcInvocationException: Failed to invoke method execute in class com.nantic.jasperreports.JasperServer: Error evaluating expression : 
	Source text : $F{type} == "receipt" ? $F{price_subtotal_cr} == null?0:$F{price_subtotal_cr} : $F{price_subtotal_dr} == null?0:$F{price_subtotal_dr}
	at org.apache.xmlrpc.server.ReflectiveXmlRpcHandler.invoke(ReflectiveXmlRpcHandler.java:129)
	at org.apache.xmlrpc.server.ReflectiveXmlRpcHandler.execute(ReflectiveXmlRpcHandler.java:106)
	at org.apache.xmlrpc.server.XmlRpcServerWorker.execute(XmlRpcServerWorker.java:46)
	at org.apache.xmlrpc.server.XmlRpcServer.execute(XmlRpcServer.java:86)
	at org.apache.xmlrpc.server.XmlRpcStreamServer.execute(XmlRpcStreamServer.java:200)
	at org.apache.xmlrpc.webserver.Connection.run(Connection.java:208)
	at org.apache.xmlrpc.util.ThreadPool$Poolable$1.run(ThreadPool.java:68)
Caused by: net.sf.jasperreports.engine.fill.JRExpressionEvalException: Error evaluating expression : 
	Source text : $F{type} == "receipt" ? $F{price_subtotal_cr} == null?0:$F{price_subtotal_cr} : $F{price_subtotal_dr} == null?0:$F{price_subtotal_dr}
	at net.sf.jasperreports.engine.fill.JREvaluator.evaluate(JREvaluator.java:195)
	at net.sf.jasperreports.engine.fill.JRCalculator.evaluate(JRCalculator.java:589)
	at net.sf.jasperreports.engine.fill.JRCalculator.evaluate(JRCalculator.java:557)
	at net.sf.jasperreports.engine.fill.JRFillElement.evaluateExpression(JRFillElement.java:929)
	at net.sf.jasperreports.engine.fill.JRFillTextField.evaluateText(JRFillTextField.java:383)
	at net.sf.jasperreports.engine.fill.JRFillTextField.evaluate(JRFillTextField.java:368)
	at net.sf.jasperreports.engine.fill.JRFillElementContainer.evaluate(JRFillElementContainer.java:258)
	at net.sf.jasperreports.engine.fill.JRFillBand.evaluate(JRFillBand.java:499)
	at net.sf.jasperreports.engine.fill.JRVerticalFiller.fillColumnBand(JRVerticalFiller.java:2036)
	at net.sf.jasperreports.engine.fill.JRVerticalFiller.fillDetail(JRVerticalFiller.java:760)
	at net.sf.jasperreports.engine.fill.JRVerticalFiller.fillReportStart(JRVerticalFiller.java:270)
	at net.sf.jasperreports.engine.fill.JRVerticalFiller.fillReport(JRVerticalFiller.java:128)
	at net.sf.jasperreports.engine.fill.JRBaseFiller.fill(JRBaseFiller.java:946)
	at net.sf.jasperreports.engine.fill.JRBaseFiller.fill(JRBaseFiller.java:864)
	at net.sf.jasperreports.engine.fill.JRFiller.fillReport(JRFiller.java:84)
	at net.sf.jasperreports.engine.JasperFillManager.fillReport(JasperFillManager.java:624)
	at com.nantic.jasperreports.JasperServer.privateExecute(JasperServer.java:212)
	at com.nantic.jasperreports.JasperServer.execute(JasperServer.java:121)
	at sun.reflect.GeneratedMethodAccessor53.invoke(Unknown Source)
	at sun.reflect.DelegatingMethodAccessorImpl.invoke(DelegatingMethodAccessorImpl.java:43)
	at java.lang.reflect.Method.invoke(Method.java:606)
	at org.apache.xmlrpc.server.ReflectiveXmlRpcHandler.invoke(ReflectiveXmlRpcHandler.java:115)
	... 6 more
Caused by: org.codehaus.groovy.runtime.typehandling.GroovyCastException: Cannot cast object '1000.0000000000' with class 'java.lang.String' to class 'java.lang.Number'
	at org.codehaus.groovy.runtime.typehandling.DefaultTypeTransformation.castToNumber(DefaultTypeTransformation.java:136)
	at org.codehaus.groovy.runtime.typehandling.DefaultTypeTransformation.castToType(DefaultTypeTransformation.java:234)
	at org.codehaus.groovy.runtime.ScriptBytecodeAdapter.castToType(ScriptBytecodeAdapter.java:602)
	at recipt_1504856426775_165159.evaluate(calculator_recipt_1504856426775_165159:741)
	at net.sf.jasperreports.engine.fill.JREvaluator.evaluate(JREvaluator.java:182)
	... 27 more
Caused by:
net.sf.jasperreports.engine.fill.JRExpressionEvalException: Error evaluating expression : 
	Source text : $F{type} == "receipt" ? $F{price_subtotal_cr} == null?0:$F{price_subtotal_cr} : $F{price_subtotal_dr} == null?0:$F{price_subtotal_dr}
	at net.sf.jasperreports.engine.fill.JREvaluator.evaluate(JREvaluator.java:195)
	at net.sf.jasperreports.engine.fill.JRCalculator.evaluate(JRCalculator.java:589)
	at net.sf.jasperreports.engine.fill.JRCalculator.evaluate(JRCalculator.java:557)
	at net.sf.jasperreports.engine.fill.JRFillElement.evaluateExpression(JRFillElement.java:929)
	at net.sf.jasperreports.engine.fill.JRFillTextField.evaluateText(JRFillTextField.java:383)
	at net.sf.jasperreports.engine.fill.JRFillTextField.evaluate(JRFillTextField.java:368)
	at net.sf.jasperreports.engine.fill.JRFillElementContainer.evaluate(JRFillElementContainer.java:258)
	at net.sf.jasperreports.engine.fill.JRFillBand.evaluate(JRFillBand.java:499)
	at net.sf.jasperreports.engine.fill.JRVerticalFiller.fillColumnBand(JRVerticalFiller.java:2036)
	at net.sf.jasperreports.engine.fill.JRVerticalFiller.fillDetail(JRVerticalFiller.java:760)
	at net.sf.jasperreports.engine.fill.JRVerticalFiller.fillReportStart(JRVerticalFiller.java:270)
	at net.sf.jasperreports.engine.fill.JRVerticalFiller.fillReport(JRVerticalFiller.java:128)
	at net.sf.jasperreports.engine.fill.JRBaseFiller.fill(JRBaseFiller.java:946)
	at net.sf.jasperreports.engine.fill.JRBaseFiller.fill(JRBaseFiller.java:864)
	at net.sf.jasperreports.engine.fill.JRFiller.fillReport(JRFiller.java:84)
	at net.sf.jasperreports.engine.JasperFillManager.fillReport(JasperFillManager.java:624)
	at com.nantic.jasperreports.JasperServer.privateExecute(JasperServer.java:212)
	at com.nantic.jasperreports.JasperServer.execute(JasperServer.java:121)
	at sun.reflect.GeneratedMethodAccessor53.invoke(Unknown Source)
	at sun.reflect.DelegatingMethodAccessorImpl.invoke(DelegatingMethodAccessorImpl.java:43)
	at java.lang.reflect.Method.invoke(Method.java:606)
	at org.apache.xmlrpc.server.ReflectiveXmlRpcHandler.invoke(ReflectiveXmlRpcHandler.java:115)
	at org.apache.xmlrpc.server.ReflectiveXmlRpcHandler.execute(ReflectiveXmlRpcHandler.java:106)
	at org.apache.xmlrpc.server.XmlRpcServerWorker.execute(XmlRpcServerWorker.java:46)
	at org.apache.xmlrpc.server.XmlRpcServer.execute(XmlRpcServer.java:86)
	at org.apache.xmlrpc.server.XmlRpcStreamServer.execute(XmlRpcStreamServer.java:200)
	at org.apache.xmlrpc.webserver.Connection.run(Connection.java:208)
	at org.apache.xmlrpc.util.ThreadPool$Poolable$1.run(ThreadPool.java:68)
Caused by: org.codehaus.groovy.runtime.typehandling.GroovyCastException: Cannot cast object '1000.0000000000' with class 'java.lang.String' to class 'java.lang.Number'
	at org.codehaus.groovy.runtime.typehandling.DefaultTypeTransformation.castToNumber(DefaultTypeTransformation.java:136)
	at org.codehaus.groovy.runtime.typehandling.DefaultTypeTransformation.castToType(DefaultTypeTransformation.java:234)
	at org.codehaus.groovy.runtime.ScriptBytecodeAdapter.castToType(ScriptBytecodeAdapter.java:602)
	at recipt_1504856426775_165159.evaluate(calculator_recipt_1504856426775_165159:741)
	at net.sf.jasperreports.engine.fill.JREvaluator.evaluate(JREvaluator.java:182)
	... 27 more
815267 [XML-RPC-0] ERROR org.apache.xmlrpc.server.XmlRpcErrorLogger - Failed to invoke method execute in class com.nantic.jasperreports.JasperServer: Error evaluating expression : 
	Source text : $F{type} == "receipt" ? $F{price_subtotal_cr} == null ? 0 : $F{price_subtotal_cr} : $F{price_subtotal_dr} == null ? 0 : $F{price_subtotal_dr}
org.apache.xmlrpc.common.XmlRpcInvocationException: Failed to invoke method execute in class com.nantic.jasperreports.JasperServer: Error evaluating expression : 
	Source text : $F{type} == "receipt" ? $F{price_subtotal_cr} == null ? 0 : $F{price_subtotal_cr} : $F{price_subtotal_dr} == null ? 0 : $F{price_subtotal_dr}
	at org.apache.xmlrpc.server.ReflectiveXmlRpcHandler.invoke(ReflectiveXmlRpcHandler.java:129)
	at org.apache.xmlrpc.server.ReflectiveXmlRpcHandler.execute(ReflectiveXmlRpcHandler.java:106)
	at org.apache.xmlrpc.server.XmlRpcServerWorker.execute(XmlRpcServerWorker.java:46)
	at org.apache.xmlrpc.server.XmlRpcServer.execute(XmlRpcServer.java:86)
	at org.apache.xmlrpc.server.XmlRpcStreamServer.execute(XmlRpcStreamServer.java:200)
	at org.apache.xmlrpc.webserver.Connection.run(Connection.java:208)
	at org.apache.xmlrpc.util.ThreadPool$Poolable$1.run(ThreadPool.java:68)
Caused by: net.sf.jasperreports.engine.fill.JRExpressionEvalException: Error evaluating expression : 
	Source text : $F{type} == "receipt" ? $F{price_subtotal_cr} == null ? 0 : $F{price_subtotal_cr} : $F{price_subtotal_dr} == null ? 0 : $F{price_subtotal_dr}
	at net.sf.jasperreports.engine.fill.JREvaluator.evaluate(JREvaluator.java:195)
	at net.sf.jasperreports.engine.fill.JRCalculator.evaluate(JRCalculator.java:589)
	at net.sf.jasperreports.engine.fill.JRCalculator.evaluate(JRCalculator.java:557)
	at net.sf.jasperreports.engine.fill.JRFillElement.evaluateExpression(JRFillElement.java:929)
	at net.sf.jasperreports.engine.fill.JRFillTextField.evaluateText(JRFillTextField.java:383)
	at net.sf.jasperreports.engine.fill.JRFillTextField.evaluate(JRFillTextField.java:368)
	at net.sf.jasperreports.engine.fill.JRFillElementContainer.evaluate(JRFillElementContainer.java:258)
	at net.sf.jasperreports.engine.fill.JRFillBand.evaluate(JRFillBand.java:499)
	at net.sf.jasperreports.engine.fill.JRVerticalFiller.fillColumnBand(JRVerticalFiller.java:2036)
	at net.sf.jasperreports.engine.fill.JRVerticalFiller.fillDetail(JRVerticalFiller.java:760)
	at net.sf.jasperreports.engine.fill.JRVerticalFiller.fillReportStart(JRVerticalFiller.java:270)
	at net.sf.jasperreports.engine.fill.JRVerticalFiller.fillReport(JRVerticalFiller.java:128)
	at net.sf.jasperreports.engine.fill.JRBaseFiller.fill(JRBaseFiller.java:946)
	at net.sf.jasperreports.engine.fill.JRBaseFiller.fill(JRBaseFiller.java:864)
	at net.sf.jasperreports.engine.fill.JRFiller.fillReport(JRFiller.java:84)
	at net.sf.jasperreports.engine.JasperFillManager.fillReport(JasperFillManager.java:624)
	at com.nantic.jasperreports.JasperServer.privateExecute(JasperServer.java:212)
	at com.nantic.jasperreports.JasperServer.execute(JasperServer.java:121)
	at sun.reflect.GeneratedMethodAccessor53.invoke(Unknown Source)
	at sun.reflect.DelegatingMethodAccessorImpl.invoke(DelegatingMethodAccessorImpl.java:43)
	at java.lang.reflect.Method.invoke(Method.java:606)
	at org.apache.xmlrpc.server.ReflectiveXmlRpcHandler.invoke(ReflectiveXmlRpcHandler.java:115)
	... 6 more
Caused by: org.codehaus.groovy.runtime.typehandling.GroovyCastException: Cannot cast object '1000.0000000000' with class 'java.lang.String' to class 'java.lang.Number'
	at org.codehaus.groovy.runtime.typehandling.DefaultTypeTransformation.castToNumber(DefaultTypeTransformation.java:136)
	at org.codehaus.groovy.runtime.typehandling.DefaultTypeTransformation.castToType(DefaultTypeTransformation.java:234)
	at org.codehaus.groovy.runtime.ScriptBytecodeAdapter.castToType(ScriptBytecodeAdapter.java:602)
	at recipt_1504856458496_152525.evaluate(calculator_recipt_1504856458496_152525:741)
	at net.sf.jasperreports.engine.fill.JREvaluator.evaluate(JREvaluator.java:182)
	... 27 more
Caused by:
net.sf.jasperreports.engine.fill.JRExpressionEvalException: Error evaluating expression : 
	Source text : $F{type} == "receipt" ? $F{price_subtotal_cr} == null ? 0 : $F{price_subtotal_cr} : $F{price_subtotal_dr} == null ? 0 : $F{price_subtotal_dr}
	at net.sf.jasperreports.engine.fill.JREvaluator.evaluate(JREvaluator.java:195)
	at net.sf.jasperreports.engine.fill.JRCalculator.evaluate(JRCalculator.java:589)
	at net.sf.jasperreports.engine.fill.JRCalculator.evaluate(JRCalculator.java:557)
	at net.sf.jasperreports.engine.fill.JRFillElement.evaluateExpression(JRFillElement.java:929)
	at net.sf.jasperreports.engine.fill.JRFillTextField.evaluateText(JRFillTextField.java:383)
	at net.sf.jasperreports.engine.fill.JRFillTextField.evaluate(JRFillTextField.java:368)
	at net.sf.jasperreports.engine.fill.JRFillElementContainer.evaluate(JRFillElementContainer.java:258)
	at net.sf.jasperreports.engine.fill.JRFillBand.evaluate(JRFillBand.java:499)
	at net.sf.jasperreports.engine.fill.JRVerticalFiller.fillColumnBand(JRVerticalFiller.java:2036)
	at net.sf.jasperreports.engine.fill.JRVerticalFiller.fillDetail(JRVerticalFiller.java:760)
	at net.sf.jasperreports.engine.fill.JRVerticalFiller.fillReportStart(JRVerticalFiller.java:270)
	at net.sf.jasperreports.engine.fill.JRVerticalFiller.fillReport(JRVerticalFiller.java:128)
	at net.sf.jasperreports.engine.fill.JRBaseFiller.fill(JRBaseFiller.java:946)
	at net.sf.jasperreports.engine.fill.JRBaseFiller.fill(JRBaseFiller.java:864)
	at net.sf.jasperreports.engine.fill.JRFiller.fillReport(JRFiller.java:84)
	at net.sf.jasperreports.engine.JasperFillManager.fillReport(JasperFillManager.java:624)
	at com.nantic.jasperreports.JasperServer.privateExecute(JasperServer.java:212)
	at com.nantic.jasperreports.JasperServer.execute(JasperServer.java:121)
	at sun.reflect.GeneratedMethodAccessor53.invoke(Unknown Source)
	at sun.reflect.DelegatingMethodAccessorImpl.invoke(DelegatingMethodAccessorImpl.java:43)
	at java.lang.reflect.Method.invoke(Method.java:606)
	at org.apache.xmlrpc.server.ReflectiveXmlRpcHandler.invoke(ReflectiveXmlRpcHandler.java:115)
	at org.apache.xmlrpc.server.ReflectiveXmlRpcHandler.execute(ReflectiveXmlRpcHandler.java:106)
	at org.apache.xmlrpc.server.XmlRpcServerWorker.execute(XmlRpcServerWorker.java:46)
	at org.apache.xmlrpc.server.XmlRpcServer.execute(XmlRpcServer.java:86)
	at org.apache.xmlrpc.server.XmlRpcStreamServer.execute(XmlRpcStreamServer.java:200)
	at org.apache.xmlrpc.webserver.Connection.run(Connection.java:208)
	at org.apache.xmlrpc.util.ThreadPool$Poolable$1.run(ThreadPool.java:68)
Caused by: org.codehaus.groovy.runtime.typehandling.GroovyCastException: Cannot cast object '1000.0000000000' with class 'java.lang.String' to class 'java.lang.Number'
	at org.codehaus.groovy.runtime.typehandling.DefaultTypeTransformation.castToNumber(DefaultTypeTransformation.java:136)
	at org.codehaus.groovy.runtime.typehandling.DefaultTypeTransformation.castToType(DefaultTypeTransformation.java:234)
	at org.codehaus.groovy.runtime.ScriptBytecodeAdapter.castToType(ScriptBytecodeAdapter.java:602)
	at recipt_1504856458496_152525.evaluate(calculator_recipt_1504856458496_152525:741)
	at net.sf.jasperreports.engine.fill.JREvaluator.evaluate(JREvaluator.java:182)
	... 27 more
